C:\Users\samdr\Documents\GitHub\CMP505-Untitled-Coursework-MASTER\source\alpha_ps.hlsl(22,11-105): warning X3206: implicit truncation of vector type
  
  compilation object save succeeded; see C:\Users\samdr\Documents\GitHub\CMP505-Untitled-Coursework-MASTER\source\alpha_ps.cso
  compilation object save succeeded; see C:\Users\samdr\Documents\GitHub\CMP505-Untitled-Coursework-MASTER\source\alpha_vs.cso
C:\Users\samdr\Documents\GitHub\CMP505-Untitled-Coursework-MASTER\source\colour3D_vs.hlsl(36,2-30): warning X3206: implicit truncation of vector type
  
  compilation object save succeeded; see C:\Users\samdr\Documents\GitHub\CMP505-Untitled-Coursework-MASTER\source\colour3D_vs.cso
C:\Users\samdr\Documents\GitHub\CMP505-Untitled-Coursework-MASTER\source\glass_ps.hlsl(79,11-110): warning X3206: implicit truncation of vector type
C:\Users\samdr\Documents\GitHub\CMP505-Untitled-Coursework-MASTER\source\glass_ps.hlsl(95,14): warning X3078: 'i': loop control variable conflicts with a previous declaration in the outer scope; most recent declaration will be used
C:\Users\samdr\Documents\GitHub\CMP505-Untitled-Coursework-MASTER\source\glass_ps.hlsl(89,31-43): warning X3550: sampler array index must be a literal expression, forcing loop to unroll
C:\Users\samdr\Documents\GitHub\CMP505-Untitled-Coursework-MASTER\source\glass_ps.hlsl(97,31-43): warning X3550: sampler array index must be a literal expression, forcing loop to unroll
  
  compilation object save succeeded; see C:\Users\samdr\Documents\GitHub\CMP505-Untitled-Coursework-MASTER\source\glass_ps.cso
C:\Users\samdr\Documents\GitHub\CMP505-Untitled-Coursework-MASTER\source\glass_vs.hlsl(44,5-44): warning X3206: implicit truncation of vector type
  
  compilation object save succeeded; see C:\Users\samdr\Documents\GitHub\CMP505-Untitled-Coursework-MASTER\source\glass_vs.cso
C:\Users\samdr\Documents\GitHub\CMP505-Untitled-Coursework-MASTER\source\indexing_euclidean_voronoi.hlsl(40,41-81): warning X3556: integer modulus may be much slower, try using uints if possible.
  
  compilation object save succeeded; see C:\Users\samdr\Documents\GitHub\CMP505-Untitled-Coursework-MASTER\source\indexing_euclidean_voronoi.cso
C:\Users\samdr\Documents\GitHub\CMP505-Untitled-Coursework-MASTER\source\indexing_french_voronoi.hlsl(50,41-81): warning X3556: integer modulus may be much slower, try using uints if possible.
C:\Users\samdr\Documents\GitHub\CMP505-Untitled-Coursework-MASTER\source\indexing_french_voronoi.hlsl(23,19): warning X4000: use of potentially uninitialized variable (metric)
  
  compilation object save succeeded; see C:\Users\samdr\Documents\GitHub\CMP505-Untitled-Coursework-MASTER\source\indexing_french_voronoi.cso
C:\Users\samdr\Documents\GitHub\CMP505-Untitled-Coursework-MASTER\source\indexing_manhattan_voronoi.hlsl(40,41-81): warning X3556: integer modulus may be much slower, try using uints if possible.
  
  compilation object save succeeded; see C:\Users\samdr\Documents\GitHub\CMP505-Untitled-Coursework-MASTER\source\indexing_manhattan_voronoi.cso
C:\Users\samdr\Documents\GitHub\CMP505-Untitled-Coursework-MASTER\source\light3D_ps.hlsl(38,11-116): warning X3206: implicit truncation of vector type
  
  compilation object save succeeded; see C:\Users\samdr\Documents\GitHub\CMP505-Untitled-Coursework-MASTER\source\light3D_ps.cso
C:\Users\samdr\Documents\GitHub\CMP505-Untitled-Coursework-MASTER\source\light3D_vs.hlsl(41,5-33): warning X3206: implicit truncation of vector type
  
  compilation object save succeeded; see C:\Users\samdr\Documents\GitHub\CMP505-Untitled-Coursework-MASTER\source\light3D_vs.cso
C:\Users\samdr\Documents\GitHub\CMP505-Untitled-Coursework-MASTER\source\overlay_ps.hlsl(18,11-108): warning X3206: implicit truncation of vector type
  
  compilation object save succeeded; see C:\Users\samdr\Documents\GitHub\CMP505-Untitled-Coursework-MASTER\source\overlay_ps.cso
  compilation object save succeeded; see C:\Users\samdr\Documents\GitHub\CMP505-Untitled-Coursework-MASTER\source\overlay_vs.cso
  compilation object save succeeded; see C:\Users\samdr\Documents\GitHub\CMP505-Untitled-Coursework-MASTER\source\colour3D_ps.cso
C:\Users\samdr\Documents\GitHub\CMP505-Untitled-Coursework-MASTER\source\refraction_ps.hlsl(79,11-110): warning X3206: implicit truncation of vector type
C:\Users\samdr\Documents\GitHub\CMP505-Untitled-Coursework-MASTER\source\refraction_ps.hlsl(89,31-43): warning X3550: sampler array index must be a literal expression, forcing loop to unroll
  
  compilation object save succeeded; see C:\Users\samdr\Documents\GitHub\CMP505-Untitled-Coursework-MASTER\source\refraction_ps.cso
C:\Users\samdr\Documents\GitHub\CMP505-Untitled-Coursework-MASTER\source\refraction_vs.hlsl(44,5-44): warning X3206: implicit truncation of vector type
  
  compilation object save succeeded; see C:\Users\samdr\Documents\GitHub\CMP505-Untitled-Coursework-MASTER\source\refraction_vs.cso
  compilation object save succeeded; see C:\Users\samdr\Documents\GitHub\CMP505-Untitled-Coursework-MASTER\source\skybox_pores.cso
C:\Users\samdr\Documents\GitHub\CMP505-Untitled-Coursework-MASTER\source\skybox_ps.hlsl(48,20-30): warning X3550: sampler array index must be a literal expression, forcing loop to unroll
C:\Users\samdr\Documents\GitHub\CMP505-Untitled-Coursework-MASTER\source\skybox_ps.hlsl(48,57): warning X4000: use of potentially uninitialized variable (main)
  
  compilation object save succeeded; see C:\Users\samdr\Documents\GitHub\CMP505-Untitled-Coursework-MASTER\source\skybox_ps.cso
C:\Users\samdr\Documents\GitHub\CMP505-Untitled-Coursework-MASTER\source\skybox_vs.hlsl(41,5-44): warning X3206: implicit truncation of vector type
  
  compilation object save succeeded; see C:\Users\samdr\Documents\GitHub\CMP505-Untitled-Coursework-MASTER\source\skybox_vs.cso
C:\Users\samdr\Documents\GitHub\CMP505-Untitled-Coursework-MASTER\source\specimen_ps.hlsl(52,11-110): warning X3206: implicit truncation of vector type
  
  compilation object save succeeded; see C:\Users\samdr\Documents\GitHub\CMP505-Untitled-Coursework-MASTER\source\specimen_ps.cso
  compilation object save succeeded; see C:\Users\samdr\Documents\GitHub\CMP505-Untitled-Coursework-MASTER\source\specimen_vs.cso
C:\Users\samdr\Documents\GitHub\CMP505-Untitled-Coursework-MASTER\source\spherical_pores.hlsl(72,14): warning X3078: 'i': loop control variable conflicts with a previous declaration in the outer scope; most recent declaration will be used
C:\Users\samdr\Documents\GitHub\CMP505-Untitled-Coursework-MASTER\source\spherical_pores.hlsl(85,14): warning X3078: 'i': loop control variable conflicts with a previous declaration in the outer scope; most recent declaration will be used
C:\Users\samdr\Documents\GitHub\CMP505-Untitled-Coursework-MASTER\source\spherical_pores.hlsl(110,14): warning X3078: 'i': loop control variable conflicts with a previous declaration in the outer scope; most recent declaration will be used
C:\Users\samdr\Documents\GitHub\CMP505-Untitled-Coursework-MASTER\source\spherical_pores.hlsl(41,23-31): warning X3556: integer modulus may be much slower, try using uints if possible.
C:\Users\samdr\Documents\GitHub\CMP505-Untitled-Coursework-MASTER\source\spherical_pores.hlsl(41,22-40): warning X3556: integer modulus may be much slower, try using uints if possible.
C:\Users\samdr\Documents\GitHub\CMP505-Untitled-Coursework-MASTER\source\spherical_pores.hlsl(51,19-27): warning X3556: integer modulus may be much slower, try using uints if possible.
C:\Users\samdr\Documents\GitHub\CMP505-Untitled-Coursework-MASTER\source\spherical_pores.hlsl(51,18-36): warning X3556: integer modulus may be much slower, try using uints if possible.
C:\Users\samdr\Documents\GitHub\CMP505-Untitled-Coursework-MASTER\source\spherical_pores.hlsl(56,26-57): warning X3556: integer modulus may be much slower, try using uints if possible.
C:\Users\samdr\Documents\GitHub\CMP505-Untitled-Coursework-MASTER\source\spherical_pores.hlsl(56,25-66): warning X3556: integer modulus may be much slower, try using uints if possible.
C:\Users\samdr\Documents\GitHub\CMP505-Untitled-Coursework-MASTER\source\spherical_pores.hlsl(59,47-81): warning X3556: integer modulus may be much slower, try using uints if possible.
C:\Users\samdr\Documents\GitHub\CMP505-Untitled-Coursework-MASTER\source\spherical_pores.hlsl(74,38-48): warning X3556: integer modulus may be much slower, try using uints if possible.
C:\Users\samdr\Documents\GitHub\CMP505-Untitled-Coursework-MASTER\source\spherical_pores.hlsl(74,81-91): warning X3556: integer modulus may be much slower, try using uints if possible.
C:\Users\samdr\Documents\GitHub\CMP505-Untitled-Coursework-MASTER\source\spherical_pores.hlsl(76,18-22): warning X3556: integer modulus may be much slower, try using uints if possible.
C:\Users\samdr\Documents\GitHub\CMP505-Untitled-Coursework-MASTER\source\spherical_pores.hlsl(90,47-81): warning X3556: integer modulus may be much slower, try using uints if possible.
C:\Users\samdr\Documents\GitHub\CMP505-Untitled-Coursework-MASTER\source\spherical_pores.hlsl(87,25-29): warning X3556: integer modulus may be much slower, try using uints if possible.
C:\Users\samdr\Documents\GitHub\CMP505-Untitled-Coursework-MASTER\source\spherical_pores.hlsl(112,38-48): warning X3556: integer modulus may be much slower, try using uints if possible.
C:\Users\samdr\Documents\GitHub\CMP505-Untitled-Coursework-MASTER\source\spherical_pores.hlsl(112,80-90): warning X3556: integer modulus may be much slower, try using uints if possible.
C:\Users\samdr\Documents\GitHub\CMP505-Untitled-Coursework-MASTER\source\spherical_pores.hlsl(114,18-22): warning X3556: integer modulus may be much slower, try using uints if possible.
C:\Users\samdr\Documents\GitHub\CMP505-Untitled-Coursework-MASTER\source\spherical_pores.hlsl(120,80-91): warning X3556: integer modulus may be much slower, try using uints if possible.
C:\Users\samdr\Documents\GitHub\CMP505-Untitled-Coursework-MASTER\source\spherical_pores.hlsl(120,128-139): warning X3556: integer modulus may be much slower, try using uints if possible.
C:\Users\samdr\Documents\GitHub\CMP505-Untitled-Coursework-MASTER\source\spherical_pores.hlsl(130,43-54): warning X3556: integer modulus may be much slower, try using uints if possible.
C:\Users\samdr\Documents\GitHub\CMP505-Untitled-Coursework-MASTER\source\spherical_pores.hlsl(130,121-132): warning X3556: integer modulus may be much slower, try using uints if possible.
C:\Users\samdr\Documents\GitHub\CMP505-Untitled-Coursework-MASTER\source\spherical_pores.hlsl(106,38): warning X4000: use of potentially uninitialized variable (tile_st)
  
  compilation object save succeeded; see C:\Users\samdr\Documents\GitHub\CMP505-Untitled-Coursework-MASTER\source\spherical_pores.cso
C:\Users\samdr\Documents\GitHub\CMP505-Untitled-Coursework-MASTER\source\spherical_pores_nm.hlsl(72,14): warning X3078: 'i': loop control variable conflicts with a previous declaration in the outer scope; most recent declaration will be used
C:\Users\samdr\Documents\GitHub\CMP505-Untitled-Coursework-MASTER\source\spherical_pores_nm.hlsl(85,14): warning X3078: 'i': loop control variable conflicts with a previous declaration in the outer scope; most recent declaration will be used
C:\Users\samdr\Documents\GitHub\CMP505-Untitled-Coursework-MASTER\source\spherical_pores_nm.hlsl(110,14): warning X3078: 'i': loop control variable conflicts with a previous declaration in the outer scope; most recent declaration will be used
C:\Users\samdr\Documents\GitHub\CMP505-Untitled-Coursework-MASTER\source\spherical_pores_nm.hlsl(200,14): warning X3078: 'i': loop control variable conflicts with a previous declaration in the outer scope; most recent declaration will be used
C:\Users\samdr\Documents\GitHub\CMP505-Untitled-Coursework-MASTER\source\spherical_pores_nm.hlsl(41,23-31): warning X3556: integer modulus may be much slower, try using uints if possible.
C:\Users\samdr\Documents\GitHub\CMP505-Untitled-Coursework-MASTER\source\spherical_pores_nm.hlsl(41,22-40): warning X3556: integer modulus may be much slower, try using uints if possible.
C:\Users\samdr\Documents\GitHub\CMP505-Untitled-Coursework-MASTER\source\spherical_pores_nm.hlsl(51,19-27): warning X3556: integer modulus may be much slower, try using uints if possible.
C:\Users\samdr\Documents\GitHub\CMP505-Untitled-Coursework-MASTER\source\spherical_pores_nm.hlsl(51,18-36): warning X3556: integer modulus may be much slower, try using uints if possible.
C:\Users\samdr\Documents\GitHub\CMP505-Untitled-Coursework-MASTER\source\spherical_pores_nm.hlsl(56,26-57): warning X3556: integer modulus may be much slower, try using uints if possible.
C:\Users\samdr\Documents\GitHub\CMP505-Untitled-Coursework-MASTER\source\spherical_pores_nm.hlsl(56,25-66): warning X3556: integer modulus may be much slower, try using uints if possible.
C:\Users\samdr\Documents\GitHub\CMP505-Untitled-Coursework-MASTER\source\spherical_pores_nm.hlsl(59,47-81): warning X3556: integer modulus may be much slower, try using uints if possible.
C:\Users\samdr\Documents\GitHub\CMP505-Untitled-Coursework-MASTER\source\spherical_pores_nm.hlsl(74,38-48): warning X3556: integer modulus may be much slower, try using uints if possible.
C:\Users\samdr\Documents\GitHub\CMP505-Untitled-Coursework-MASTER\source\spherical_pores_nm.hlsl(74,81-91): warning X3556: integer modulus may be much slower, try using uints if possible.
C:\Users\samdr\Documents\GitHub\CMP505-Untitled-Coursework-MASTER\source\spherical_pores_nm.hlsl(76,18-22): warning X3556: integer modulus may be much slower, try using uints if possible.
C:\Users\samdr\Documents\GitHub\CMP505-Untitled-Coursework-MASTER\source\spherical_pores_nm.hlsl(90,47-81): warning X3556: integer modulus may be much slower, try using uints if possible.
C:\Users\samdr\Documents\GitHub\CMP505-Untitled-Coursework-MASTER\source\spherical_pores_nm.hlsl(87,25-29): warning X3556: integer modulus may be much slower, try using uints if possible.
C:\Users\samdr\Documents\GitHub\CMP505-Untitled-Coursework-MASTER\source\spherical_pores_nm.hlsl(112,38-48): warning X3556: integer modulus may be much slower, try using uints if possible.
C:\Users\samdr\Documents\GitHub\CMP505-Untitled-Coursework-MASTER\source\spherical_pores_nm.hlsl(112,80-90): warning X3556: integer modulus may be much slower, try using uints if possible.
C:\Users\samdr\Documents\GitHub\CMP505-Untitled-Coursework-MASTER\source\spherical_pores_nm.hlsl(114,18-22): warning X3556: integer modulus may be much slower, try using uints if possible.
C:\Users\samdr\Documents\GitHub\CMP505-Untitled-Coursework-MASTER\source\spherical_pores_nm.hlsl(120,80-91): warning X3556: integer modulus may be much slower, try using uints if possible.
C:\Users\samdr\Documents\GitHub\CMP505-Untitled-Coursework-MASTER\source\spherical_pores_nm.hlsl(120,128-139): warning X3556: integer modulus may be much slower, try using uints if possible.
C:\Users\samdr\Documents\GitHub\CMP505-Untitled-Coursework-MASTER\source\spherical_pores_nm.hlsl(130,43-54): warning X3556: integer modulus may be much slower, try using uints if possible.
C:\Users\samdr\Documents\GitHub\CMP505-Untitled-Coursework-MASTER\source\spherical_pores_nm.hlsl(130,121-132): warning X3556: integer modulus may be much slower, try using uints if possible.
C:\Users\samdr\Documents\GitHub\CMP505-Untitled-Coursework-MASTER\source\spherical_pores_nm.hlsl(106,38): warning X4000: use of potentially uninitialized variable (tile_st)
  
  compilation object save succeeded; see C:\Users\samdr\Documents\GitHub\CMP505-Untitled-Coursework-MASTER\source\spherical_pores_nm.cso
C:\Users\samdr\Documents\GitHub\CMP505-Untitled-Coursework-MASTER\source\tiling_irregular_hex.hlsl(67,14): warning X3078: 'i': loop control variable conflicts with a previous declaration in the outer scope; most recent declaration will be used
C:\Users\samdr\Documents\GitHub\CMP505-Untitled-Coursework-MASTER\source\tiling_irregular_hex.hlsl(80,14): warning X3078: 'i': loop control variable conflicts with a previous declaration in the outer scope; most recent declaration will be used
C:\Users\samdr\Documents\GitHub\CMP505-Untitled-Coursework-MASTER\source\tiling_irregular_hex.hlsl(103,14): warning X3078: 'i': loop control variable conflicts with a previous declaration in the outer scope; most recent declaration will be used
C:\Users\samdr\Documents\GitHub\CMP505-Untitled-Coursework-MASTER\source\tiling_irregular_hex.hlsl(36,23-29): warning X3556: integer modulus may be much slower, try using uints if possible.
C:\Users\samdr\Documents\GitHub\CMP505-Untitled-Coursework-MASTER\source\tiling_irregular_hex.hlsl(36,22-34): warning X3556: integer modulus may be much slower, try using uints if possible.
C:\Users\samdr\Documents\GitHub\CMP505-Untitled-Coursework-MASTER\source\tiling_irregular_hex.hlsl(46,19-25): warning X3556: integer modulus may be much slower, try using uints if possible.
C:\Users\samdr\Documents\GitHub\CMP505-Untitled-Coursework-MASTER\source\tiling_irregular_hex.hlsl(46,18-30): warning X3556: integer modulus may be much slower, try using uints if possible.
C:\Users\samdr\Documents\GitHub\CMP505-Untitled-Coursework-MASTER\source\tiling_irregular_hex.hlsl(51,26-53): warning X3556: integer modulus may be much slower, try using uints if possible.
C:\Users\samdr\Documents\GitHub\CMP505-Untitled-Coursework-MASTER\source\tiling_irregular_hex.hlsl(51,25-58): warning X3556: integer modulus may be much slower, try using uints if possible.
C:\Users\samdr\Documents\GitHub\CMP505-Untitled-Coursework-MASTER\source\tiling_irregular_hex.hlsl(54,47-75): warning X3556: integer modulus may be much slower, try using uints if possible.
C:\Users\samdr\Documents\GitHub\CMP505-Untitled-Coursework-MASTER\source\tiling_irregular_hex.hlsl(69,38-44): warning X3556: integer modulus may be much slower, try using uints if possible.
C:\Users\samdr\Documents\GitHub\CMP505-Untitled-Coursework-MASTER\source\tiling_irregular_hex.hlsl(69,75-81): warning X3556: integer modulus may be much slower, try using uints if possible.
C:\Users\samdr\Documents\GitHub\CMP505-Untitled-Coursework-MASTER\source\tiling_irregular_hex.hlsl(71,18-20): warning X3556: integer modulus may be much slower, try using uints if possible.
C:\Users\samdr\Documents\GitHub\CMP505-Untitled-Coursework-MASTER\source\tiling_irregular_hex.hlsl(85,47-75): warning X3556: integer modulus may be much slower, try using uints if possible.
C:\Users\samdr\Documents\GitHub\CMP505-Untitled-Coursework-MASTER\source\tiling_irregular_hex.hlsl(82,25-27): warning X3556: integer modulus may be much slower, try using uints if possible.
C:\Users\samdr\Documents\GitHub\CMP505-Untitled-Coursework-MASTER\source\tiling_irregular_hex.hlsl(105,38-44): warning X3556: integer modulus may be much slower, try using uints if possible.
C:\Users\samdr\Documents\GitHub\CMP505-Untitled-Coursework-MASTER\source\tiling_irregular_hex.hlsl(105,74-80): warning X3556: integer modulus may be much slower, try using uints if possible.
C:\Users\samdr\Documents\GitHub\CMP505-Untitled-Coursework-MASTER\source\tiling_irregular_hex.hlsl(107,18-20): warning X3556: integer modulus may be much slower, try using uints if possible.
C:\Users\samdr\Documents\GitHub\CMP505-Untitled-Coursework-MASTER\source\tiling_irregular_hex.hlsl(113,74-81): warning X3556: integer modulus may be much slower, try using uints if possible.
C:\Users\samdr\Documents\GitHub\CMP505-Untitled-Coursework-MASTER\source\tiling_irregular_hex.hlsl(113,114-121): warning X3556: integer modulus may be much slower, try using uints if possible.
C:\Users\samdr\Documents\GitHub\CMP505-Untitled-Coursework-MASTER\source\tiling_irregular_hex.hlsl(123,43-50): warning X3556: integer modulus may be much slower, try using uints if possible.
C:\Users\samdr\Documents\GitHub\CMP505-Untitled-Coursework-MASTER\source\tiling_irregular_hex.hlsl(123,111-118): warning X3556: integer modulus may be much slower, try using uints if possible.
C:\Users\samdr\Documents\GitHub\CMP505-Untitled-Coursework-MASTER\source\tiling_irregular_hex.hlsl(99,23): warning X4000: use of potentially uninitialized variable (tile_st)
  
  compilation object save succeeded; see C:\Users\samdr\Documents\GitHub\CMP505-Untitled-Coursework-MASTER\source\tiling_irregular_hex.cso
C:\Users\samdr\Documents\GitHub\CMP505-Untitled-Coursework-MASTER\source\light_ps.hlsl(47,11-110): warning X3206: implicit truncation of vector type
  
  compilation object save succeeded; see C:\Users\samdr\Documents\GitHub\CMP505-Untitled-Coursework-MASTER\source\light_ps.cso
  compilation object save succeeded; see C:\Users\samdr\Documents\GitHub\CMP505-Untitled-Coursework-MASTER\source\light_vs.cso
  compilation object save succeeded; see C:\Users\samdr\Documents\GitHub\CMP505-Untitled-Coursework-MASTER\source\colour_ps.cso
  compilation object save succeeded; see C:\Users\samdr\Documents\GitHub\CMP505-Untitled-Coursework-MASTER\source\colour_vs.cso
  compilation object save succeeded; see C:\Users\samdr\Documents\GitHub\CMP505-Untitled-Coursework-MASTER\source\neutral.cso
  compilation object save succeeded; see C:\Users\samdr\Documents\GitHub\CMP505-Untitled-Coursework-MASTER\source\neutral_nm.cso
C:\Users\samdr\Documents\GitHub\CMP505-Untitled-Coursework-MASTER\source\pores.hlsl(72,14): warning X3078: 'i': loop control variable conflicts with a previous declaration in the outer scope; most recent declaration will be used
C:\Users\samdr\Documents\GitHub\CMP505-Untitled-Coursework-MASTER\source\pores.hlsl(85,14): warning X3078: 'i': loop control variable conflicts with a previous declaration in the outer scope; most recent declaration will be used
C:\Users\samdr\Documents\GitHub\CMP505-Untitled-Coursework-MASTER\source\pores.hlsl(110,14): warning X3078: 'i': loop control variable conflicts with a previous declaration in the outer scope; most recent declaration will be used
C:\Users\samdr\Documents\GitHub\CMP505-Untitled-Coursework-MASTER\source\pores.hlsl(41,23-29): warning X3556: integer modulus may be much slower, try using uints if possible.
C:\Users\samdr\Documents\GitHub\CMP505-Untitled-Coursework-MASTER\source\pores.hlsl(41,22-34): warning X3556: integer modulus may be much slower, try using uints if possible.
C:\Users\samdr\Documents\GitHub\CMP505-Untitled-Coursework-MASTER\source\pores.hlsl(51,19-25): warning X3556: integer modulus may be much slower, try using uints if possible.
C:\Users\samdr\Documents\GitHub\CMP505-Untitled-Coursework-MASTER\source\pores.hlsl(51,18-30): warning X3556: integer modulus may be much slower, try using uints if possible.
C:\Users\samdr\Documents\GitHub\CMP505-Untitled-Coursework-MASTER\source\pores.hlsl(56,26-53): warning X3556: integer modulus may be much slower, try using uints if possible.
C:\Users\samdr\Documents\GitHub\CMP505-Untitled-Coursework-MASTER\source\pores.hlsl(56,25-58): warning X3556: integer modulus may be much slower, try using uints if possible.
C:\Users\samdr\Documents\GitHub\CMP505-Untitled-Coursework-MASTER\source\pores.hlsl(59,47-75): warning X3556: integer modulus may be much slower, try using uints if possible.
C:\Users\samdr\Documents\GitHub\CMP505-Untitled-Coursework-MASTER\source\pores.hlsl(74,38-44): warning X3556: integer modulus may be much slower, try using uints if possible.
C:\Users\samdr\Documents\GitHub\CMP505-Untitled-Coursework-MASTER\source\pores.hlsl(74,75-81): warning X3556: integer modulus may be much slower, try using uints if possible.
C:\Users\samdr\Documents\GitHub\CMP505-Untitled-Coursework-MASTER\source\pores.hlsl(76,18-20): warning X3556: integer modulus may be much slower, try using uints if possible.
C:\Users\samdr\Documents\GitHub\CMP505-Untitled-Coursework-MASTER\source\pores.hlsl(90,47-75): warning X3556: integer modulus may be much slower, try using uints if possible.
C:\Users\samdr\Documents\GitHub\CMP505-Untitled-Coursework-MASTER\source\pores.hlsl(87,25-27): warning X3556: integer modulus may be much slower, try using uints if possible.
C:\Users\samdr\Documents\GitHub\CMP505-Untitled-Coursework-MASTER\source\pores.hlsl(112,38-44): warning X3556: integer modulus may be much slower, try using uints if possible.
C:\Users\samdr\Documents\GitHub\CMP505-Untitled-Coursework-MASTER\source\pores.hlsl(112,74-80): warning X3556: integer modulus may be much slower, try using uints if possible.
C:\Users\samdr\Documents\GitHub\CMP505-Untitled-Coursework-MASTER\source\pores.hlsl(114,18-20): warning X3556: integer modulus may be much slower, try using uints if possible.
C:\Users\samdr\Documents\GitHub\CMP505-Untitled-Coursework-MASTER\source\pores.hlsl(120,74-81): warning X3556: integer modulus may be much slower, try using uints if possible.
C:\Users\samdr\Documents\GitHub\CMP505-Untitled-Coursework-MASTER\source\pores.hlsl(120,114-121): warning X3556: integer modulus may be much slower, try using uints if possible.
C:\Users\samdr\Documents\GitHub\CMP505-Untitled-Coursework-MASTER\source\pores.hlsl(130,43-50): warning X3556: integer modulus may be much slower, try using uints if possible.
C:\Users\samdr\Documents\GitHub\CMP505-Untitled-Coursework-MASTER\source\pores.hlsl(130,111-118): warning X3556: integer modulus may be much slower, try using uints if possible.
C:\Users\samdr\Documents\GitHub\CMP505-Untitled-Coursework-MASTER\source\pores.hlsl(106,36): warning X4000: use of potentially uninitialized variable (tile_st)
  
  compilation object save succeeded; see C:\Users\samdr\Documents\GitHub\CMP505-Untitled-Coursework-MASTER\source\pores.cso
C:\Users\samdr\Documents\GitHub\CMP505-Untitled-Coursework-MASTER\source\pores_nm.hlsl(72,14): warning X3078: 'i': loop control variable conflicts with a previous declaration in the outer scope; most recent declaration will be used
C:\Users\samdr\Documents\GitHub\CMP505-Untitled-Coursework-MASTER\source\pores_nm.hlsl(85,14): warning X3078: 'i': loop control variable conflicts with a previous declaration in the outer scope; most recent declaration will be used
C:\Users\samdr\Documents\GitHub\CMP505-Untitled-Coursework-MASTER\source\pores_nm.hlsl(110,14): warning X3078: 'i': loop control variable conflicts with a previous declaration in the outer scope; most recent declaration will be used
C:\Users\samdr\Documents\GitHub\CMP505-Untitled-Coursework-MASTER\source\pores_nm.hlsl(200,14): warning X3078: 'i': loop control variable conflicts with a previous declaration in the outer scope; most recent declaration will be used
C:\Users\samdr\Documents\GitHub\CMP505-Untitled-Coursework-MASTER\source\pores_nm.hlsl(41,23-29): warning X3556: integer modulus may be much slower, try using uints if possible.
C:\Users\samdr\Documents\GitHub\CMP505-Untitled-Coursework-MASTER\source\pores_nm.hlsl(41,22-34): warning X3556: integer modulus may be much slower, try using uints if possible.
C:\Users\samdr\Documents\GitHub\CMP505-Untitled-Coursework-MASTER\source\pores_nm.hlsl(51,19-25): warning X3556: integer modulus may be much slower, try using uints if possible.
C:\Users\samdr\Documents\GitHub\CMP505-Untitled-Coursework-MASTER\source\pores_nm.hlsl(51,18-30): warning X3556: integer modulus may be much slower, try using uints if possible.
C:\Users\samdr\Documents\GitHub\CMP505-Untitled-Coursework-MASTER\source\pores_nm.hlsl(56,26-53): warning X3556: integer modulus may be much slower, try using uints if possible.
C:\Users\samdr\Documents\GitHub\CMP505-Untitled-Coursework-MASTER\source\pores_nm.hlsl(56,25-58): warning X3556: integer modulus may be much slower, try using uints if possible.
C:\Users\samdr\Documents\GitHub\CMP505-Untitled-Coursework-MASTER\source\pores_nm.hlsl(59,47-75): warning X3556: integer modulus may be much slower, try using uints if possible.
C:\Users\samdr\Documents\GitHub\CMP505-Untitled-Coursework-MASTER\source\pores_nm.hlsl(74,38-44): warning X3556: integer modulus may be much slower, try using uints if possible.
C:\Users\samdr\Documents\GitHub\CMP505-Untitled-Coursework-MASTER\source\pores_nm.hlsl(74,75-81): warning X3556: integer modulus may be much slower, try using uints if possible.
C:\Users\samdr\Documents\GitHub\CMP505-Untitled-Coursework-MASTER\source\pores_nm.hlsl(76,18-20): warning X3556: integer modulus may be much slower, try using uints if possible.
C:\Users\samdr\Documents\GitHub\CMP505-Untitled-Coursework-MASTER\source\pores_nm.hlsl(90,47-75): warning X3556: integer modulus may be much slower, try using uints if possible.
C:\Users\samdr\Documents\GitHub\CMP505-Untitled-Coursework-MASTER\source\pores_nm.hlsl(87,25-27): warning X3556: integer modulus may be much slower, try using uints if possible.
C:\Users\samdr\Documents\GitHub\CMP505-Untitled-Coursework-MASTER\source\pores_nm.hlsl(112,38-44): warning X3556: integer modulus may be much slower, try using uints if possible.
C:\Users\samdr\Documents\GitHub\CMP505-Untitled-Coursework-MASTER\source\pores_nm.hlsl(112,74-80): warning X3556: integer modulus may be much slower, try using uints if possible.
C:\Users\samdr\Documents\GitHub\CMP505-Untitled-Coursework-MASTER\source\pores_nm.hlsl(114,18-20): warning X3556: integer modulus may be much slower, try using uints if possible.
C:\Users\samdr\Documents\GitHub\CMP505-Untitled-Coursework-MASTER\source\pores_nm.hlsl(120,74-81): warning X3556: integer modulus may be much slower, try using uints if possible.
C:\Users\samdr\Documents\GitHub\CMP505-Untitled-Coursework-MASTER\source\pores_nm.hlsl(120,114-121): warning X3556: integer modulus may be much slower, try using uints if possible.
  compilation object save succeeded; see C:\Users\samdr\Documents\GitHub\CMP505-Untitled-Coursework-MASTER\source\pores_nm.cso
C:\Users\samdr\Documents\GitHub\CMP505-Untitled-Coursework-MASTER\source\pores_nm.hlsl(130,43-50): warning X3556: integer modulus may be much slower, try using uints if possible.
C:\Users\samdr\Documents\GitHub\CMP505-Untitled-Coursework-MASTER\source\pores_nm.hlsl(130,111-118): warning X3556: integer modulus may be much slower, try using uints if possible.
C:\Users\samdr\Documents\GitHub\CMP505-Untitled-Coursework-MASTER\source\pores_nm.hlsl(106,36): warning X4000: use of potentially uninitialized variable (tile_st)
  
C:\Users\samdr\Documents\GitHub\CMP505-Untitled-Coursework-MASTER\source\tiling_irregular_quad.hlsl(44,14): warning X3078: 'i': loop control variable conflicts with a previous declaration in the outer scope; most recent declaration will be used
C:\Users\samdr\Documents\GitHub\CMP505-Untitled-Coursework-MASTER\source\tiling_irregular_quad.hlsl(57,14): warning X3078: 'i': loop control variable conflicts with a previous declaration in the outer scope; most recent declaration will be used
C:\Users\samdr\Documents\GitHub\CMP505-Untitled-Coursework-MASTER\source\tiling_irregular_quad.hlsl(76,14): warning X3078: 'i': loop control variable conflicts with a previous declaration in the outer scope; most recent declaration will be used
C:\Users\samdr\Documents\GitHub\CMP505-Untitled-Coursework-MASTER\source\tiling_irregular_quad.hlsl(36,37-78): warning X3556: integer modulus may be much slower, try using uints if possible.
C:\Users\samdr\Documents\GitHub\CMP505-Untitled-Coursework-MASTER\source\tiling_irregular_quad.hlsl(46,38-44): warning X3556: integer modulus may be much slower, try using uints if possible.
C:\Users\samdr\Documents\GitHub\CMP505-Untitled-Coursework-MASTER\source\tiling_irregular_quad.hlsl(46,75-81): warning X3556: integer modulus may be much slower, try using uints if possible.
C:\Users\samdr\Documents\GitHub\CMP505-Untitled-Coursework-MASTER\source\tiling_irregular_quad.hlsl(48,18-20): warning X3556: integer modulus may be much slower, try using uints if possible.
C:\Users\samdr\Documents\GitHub\CMP505-Untitled-Coursework-MASTER\source\tiling_irregular_quad.hlsl(59,37-78): warning X3556: integer modulus may be much slower, try using uints if possible.
C:\Users\samdr\Documents\GitHub\CMP505-Untitled-Coursework-MASTER\source\tiling_irregular_quad.hlsl(78,38-44): warning X3556: integer modulus may be much slower, try using uints if possible.
  compilation object save succeeded; see C:\Users\samdr\Documents\GitHub\CMP505-Untitled-Coursework-MASTER\source\tiling_irregular_quad.cso
C:\Users\samdr\Documents\GitHub\CMP505-Untitled-Coursework-MASTER\source\tiling_irregular_quad.hlsl(78,74-80): warning X3556: integer modulus may be much slower, try using uints if possible.
C:\Users\samdr\Documents\GitHub\CMP505-Untitled-Coursework-MASTER\source\tiling_irregular_quad.hlsl(80,18-20): warning X3556: integer modulus may be much slower, try using uints if possible.
C:\Users\samdr\Documents\GitHub\CMP505-Untitled-Coursework-MASTER\source\tiling_irregular_quad.hlsl(86,74-81): warning X3556: integer modulus may be much slower, try using uints if possible.
C:\Users\samdr\Documents\GitHub\CMP505-Untitled-Coursework-MASTER\source\tiling_irregular_quad.hlsl(86,114-121): warning X3556: integer modulus may be much slower, try using uints if possible.
C:\Users\samdr\Documents\GitHub\CMP505-Untitled-Coursework-MASTER\source\tiling_irregular_quad.hlsl(96,43-50): warning X3556: integer modulus may be much slower, try using uints if possible.
C:\Users\samdr\Documents\GitHub\CMP505-Untitled-Coursework-MASTER\source\tiling_irregular_quad.hlsl(96,111-118): warning X3556: integer modulus may be much slower, try using uints if possible.
C:\Users\samdr\Documents\GitHub\CMP505-Untitled-Coursework-MASTER\source\tiling_irregular_quad.hlsl(66,23): warning X4000: use of potentially uninitialized variable (tile_st)
  
  compilation object save succeeded; see C:\Users\samdr\Documents\GitHub\CMP505-Untitled-Coursework-MASTER\source\indexing_regular_quad.cso
C:\Users\samdr\Documents\GitHub\CMP505-Untitled-Coursework-MASTER\source\tiling_regular_hex.hlsl(67,14): warning X3078: 'i': loop control variable conflicts with a previous declaration in the outer scope; most recent declaration will be used
C:\Users\samdr\Documents\GitHub\CMP505-Untitled-Coursework-MASTER\source\tiling_regular_hex.hlsl(80,14): warning X3078: 'i': loop control variable conflicts with a previous declaration in the outer scope; most recent declaration will be used
C:\Users\samdr\Documents\GitHub\CMP505-Untitled-Coursework-MASTER\source\tiling_regular_hex.hlsl(103,14): warning X3078: 'i': loop control variable conflicts with a previous declaration in the outer scope; most recent declaration will be used
C:\Users\samdr\Documents\GitHub\CMP505-Untitled-Coursework-MASTER\source\tiling_regular_hex.hlsl(36,23-29): warning X3556: integer modulus may be much slower, try using uints if possible.
C:\Users\samdr\Documents\GitHub\CMP505-Untitled-Coursework-MASTER\source\tiling_regular_hex.hlsl(36,22-34): warning X3556: integer modulus may be much slower, try using uints if possible.
C:\Users\samdr\Documents\GitHub\CMP505-Untitled-Coursework-MASTER\source\tiling_regular_hex.hlsl(46,19-25): warning X3556: integer modulus may be much slower, try using uints if possible.
C:\Users\samdr\Documents\GitHub\CMP505-Untitled-Coursework-MASTER\source\tiling_regular_hex.hlsl(46,18-30): warning X3556: integer modulus may be much slower, try using uints if possible.
C:\Users\samdr\Documents\GitHub\CMP505-Untitled-Coursework-MASTER\source\tiling_regular_hex.hlsl(51,26-53): warning X3556: integer modulus may be much slower, try using uints if possible.
C:\Users\samdr\Documents\GitHub\CMP505-Untitled-Coursework-MASTER\source\tiling_regular_hex.hlsl(51,25-58): warning X3556: integer modulus may be much slower, try using uints if possible.
C:\Users\samdr\Documents\GitHub\CMP505-Untitled-Coursework-MASTER\source\tiling_regular_hex.hlsl(54,47-75): warning X3556: integer modulus may be much slower, try using uints if possible.
C:\Users\samdr\Documents\GitHub\CMP505-Untitled-Coursework-MASTER\source\tiling_regular_hex.hlsl(69,38-44): warning X3556: integer modulus may be much slower, try using uints if possible.
C:\Users\samdr\Documents\GitHub\CMP505-Untitled-Coursework-MASTER\source\tiling_regular_hex.hlsl(69,75-81): warning X3556: integer modulus may be much slower, try using uints if possible.
C:\Users\samdr\Documents\GitHub\CMP505-Untitled-Coursework-MASTER\source\tiling_regular_hex.hlsl(71,18-20): warning X3556: integer modulus may be much slower, try using uints if possible.
C:\Users\samdr\Documents\GitHub\CMP505-Untitled-Coursework-MASTER\source\tiling_regular_hex.hlsl(85,47-75): warning X3556: integer modulus may be much slower, try using uints if possible.
C:\Users\samdr\Documents\GitHub\CMP505-Untitled-Coursework-MASTER\source\tiling_regular_hex.hlsl(82,25-27): warning X3556: integer modulus may be much slower, try using uints if possible.
C:\Users\samdr\Documents\GitHub\CMP505-Untitled-Coursework-MASTER\source\tiling_regular_hex.hlsl(105,38-44): warning X3556: integer modulus may be much slower, try using uints if possible.
C:\Users\samdr\Documents\GitHub\CMP505-Untitled-Coursework-MASTER\source\tiling_regular_hex.hlsl(105,74-80): warning X3556: integer modulus may be much slower, try using uints if possible.
C:\Users\samdr\Documents\GitHub\CMP505-Untitled-Coursework-MASTER\source\tiling_regular_hex.hlsl(107,18-20): warning X3556: integer modulus may be much slower, try using uints if possible.
C:\Users\samdr\Documents\GitHub\CMP505-Untitled-Coursework-MASTER\source\tiling_regular_hex.hlsl(113,74-81): warning X3556: integer modulus may be much slower, try using uints if possible.
C:\Users\samdr\Documents\GitHub\CMP505-Untitled-Coursework-MASTER\source\tiling_regular_hex.hlsl(113,114-121): warning X3556: integer modulus may be much slower, try using uints if possible.
C:\Users\samdr\Documents\GitHub\CMP505-Untitled-Coursework-MASTER\source\tiling_regular_hex.hlsl(123,43-50): warning X3556: integer modulus may be much slower, try using uints if possible.
C:\Users\samdr\Documents\GitHub\CMP505-Untitled-Coursework-MASTER\source\tiling_regular_hex.hlsl(123,111-118): warning X3556: integer modulus may be much slower, try using uints if possible.
C:\Users\samdr\Documents\GitHub\CMP505-Untitled-Coursework-MASTER\source\tiling_regular_hex.hlsl(99,23): warning X4000: use of potentially uninitialized variable (tile_st)
  
  compilation object save succeeded; see C:\Users\samdr\Documents\GitHub\CMP505-Untitled-Coursework-MASTER\source\tiling_regular_hex.cso
  compilation object save succeeded; see C:\Users\samdr\Documents\GitHub\CMP505-Untitled-Coursework-MASTER\source\tiling_regular_quad.cso
  pch.cpp
  AlphaShader.cpp
  Camera.cpp
  ClassicNoise.cpp
  DeviceResources.cpp
  EnvironmentCamera.cpp
  Game.cpp
C:\Users\samdr\Documents\GitHub\CMP505-Untitled-Coursework-MASTER\source\RefractionShader.h(3,10): warning C4067: unexpected tokens following preprocessor directive - expected a newline
C:\Users\samdr\Documents\GitHub\CMP505-Untitled-Coursework-MASTER\source\Game.cpp(124,34): warning C4244: '=': conversion from 'double' to 'float', possible loss of data
C:\Users\samdr\Documents\GitHub\CMP505-Untitled-Coursework-MASTER\source\Game.cpp(183,30): warning C4244: 'argument': conversion from 'double' to 'float', possible loss of data
  GlassShader.cpp
C:\Users\samdr\Documents\GitHub\CMP505-Untitled-Coursework-MASTER\source\RefractionShader.h(3,10): warning C4067: unexpected tokens following preprocessor directive - expected a newline
  HexBoard.cpp
C:\Users\samdr\Documents\GitHub\CMP505-Untitled-Coursework-MASTER\source\HexBoard.cpp(108,32): warning C4101: 'sign': unreferenced local variable
C:\Users\samdr\Documents\GitHub\CMP505-Untitled-Coursework-MASTER\source\HexBoard.cpp(169,17): warning C4101: 'jPermuted': unreferenced local variable
C:\Users\samdr\Documents\GitHub\CMP505-Untitled-Coursework-MASTER\source\HexBoard.cpp(169,6): warning C4101: 'iPermuted': unreferenced local variable
  Input.cpp
C:\Users\samdr\Documents\GitHub\CMP505-Untitled-Coursework-MASTER\source\Input.cpp(54,68): warning C4244: 'argument': conversion from 'int' to 'float', possible loss of data
C:\Users\samdr\Documents\GitHub\CMP505-Untitled-Coursework-MASTER\source\Input.cpp(54,59): warning C4244: 'argument': conversion from 'int' to 'float', possible loss of data
  Light.cpp
  LightShader.cpp
  Main.cpp
C:\Users\samdr\Documents\GitHub\CMP505-Untitled-Coursework-MASTER\source\RefractionShader.h(3,10): warning C4067: unexpected tokens following preprocessor directive - expected a newline
  MarchingCubes.cpp
C:\Users\samdr\Documents\GitHub\CMP505-Untitled-Coursework-MASTER\source\MarchingCubes.cpp(360,32): warning C4244: '+=': conversion from 'double' to 'int', possible loss of data
C:\Users\samdr\Documents\GitHub\CMP505-Untitled-Coursework-MASTER\source\MarchingCubes.cpp(616,8): warning C4101: 'determinant': unreferenced local variable
C:\Users\samdr\Documents\GitHub\CMP505-Untitled-Coursework-MASTER\source\MarchingCubes.cpp(617,8): warning C4101: 'length': unreferenced local variable
  modelclass.cpp
C:\Users\samdr\Documents\GitHub\CMP505-Untitled-Coursework-MASTER\source\modelclass.cpp(211,28): warning C4477: 'fscanf_s' : format string '%s' requires an argument of type 'unsigned int', but variadic argument 2 has type 'size_t'
C:\Users\samdr\Documents\GitHub\CMP505-Untitled-Coursework-MASTER\source\modelclass.cpp(211,28): message : this argument is used as a buffer size
C:\Users\samdr\Documents\GitHub\CMP505-Untitled-Coursework-MASTER\source\modelclass.cpp(365,8): warning C4101: 'length': unreferenced local variable
  OverlayShader.cpp
  RefractionShader.cpp
C:\Users\samdr\Documents\GitHub\CMP505-Untitled-Coursework-MASTER\source\RefractionShader.h(3,10): warning C4067: unexpected tokens following preprocessor directive - expected a newline
C:\Users\samdr\Documents\GitHub\CMP505-Untitled-Coursework-MASTER\source\RefractionShader.cpp(44,28): warning C4244: '=': conversion from 'double' to 'float', possible loss of data
  RenderTexture.cpp
  Shader.cpp
  SimplexNoise.cpp
C:\Users\samdr\Documents\GitHub\CMP505-Untitled-Coursework-MASTER\source\SimplexNoise.cpp(87,11): warning C4244: 'initializing': conversion from 'double' to 'float', possible loss of data
C:\Users\samdr\Documents\GitHub\CMP505-Untitled-Coursework-MASTER\source\SimplexNoise.cpp(99,11): warning C4244: 'initializing': conversion from 'double' to 'float', possible loss of data
C:\Users\samdr\Documents\GitHub\CMP505-Untitled-Coursework-MASTER\source\SimplexNoise.cpp(100,11): warning C4244: 'initializing': conversion from 'double' to 'float', possible loss of data
C:\Users\samdr\Documents\GitHub\CMP505-Untitled-Coursework-MASTER\source\SimplexNoise.cpp(152,11): warning C4244: 'initializing': conversion from 'double' to 'float', possible loss of data
C:\Users\samdr\Documents\GitHub\CMP505-Untitled-Coursework-MASTER\source\SimplexNoise.cpp(160,46): warning C4244: 'argument': conversion from 'double' to 'float', possible loss of data
C:\Users\samdr\Documents\GitHub\CMP505-Untitled-Coursework-MASTER\source\SimplexNoise.cpp(160,42): warning C4244: 'argument': conversion from 'double' to 'float', possible loss of data
C:\Users\samdr\Documents\GitHub\CMP505-Untitled-Coursework-MASTER\source\SimplexNoise.cpp(163,11): warning C4244: 'initializing': conversion from 'double' to 'float', possible loss of data
C:\Users\samdr\Documents\GitHub\CMP505-Untitled-Coursework-MASTER\source\SimplexNoise.cpp(171,46): warning C4244: 'argument': conversion from 'double' to 'float', possible loss of data
C:\Users\samdr\Documents\GitHub\CMP505-Untitled-Coursework-MASTER\source\SimplexNoise.cpp(171,42): warning C4244: 'argument': conversion from 'double' to 'float', possible loss of data
C:\Users\samdr\Documents\GitHub\CMP505-Untitled-Coursework-MASTER\source\SimplexNoise.cpp(176,14): warning C4244: 'return': conversion from 'double' to 'float', possible loss of data
C:\Users\samdr\Documents\GitHub\CMP505-Untitled-Coursework-MASTER\source\SimplexNoise.cpp(139,20): warning C4101: 'n3': unreferenced local variable
C:\Users\samdr\Documents\GitHub\CMP505-Untitled-Coursework-MASTER\source\SimplexNoise.cpp(196,11): warning C4244: 'initializing': conversion from 'double' to 'float', possible loss of data
C:\Users\samdr\Documents\GitHub\CMP505-Untitled-Coursework-MASTER\source\SimplexNoise.cpp(197,11): warning C4244: 'initializing': conversion from 'double' to 'float', possible loss of data
C:\Users\samdr\Documents\GitHub\CMP505-Untitled-Coursework-MASTER\source\SimplexNoise.cpp(198,11): warning C4244: 'initializing': conversion from 'double' to 'float', possible loss of data
C:\Users\samdr\Documents\GitHub\CMP505-Untitled-Coursework-MASTER\source\SimplexNoise.cpp(256,11): warning C4244: 'initializing': conversion from 'double' to 'float', possible loss of data
C:\Users\samdr\Documents\GitHub\CMP505-Untitled-Coursework-MASTER\source\SimplexNoise.cpp(257,11): warning C4244: 'initializing': conversion from 'double' to 'float', possible loss of data
C:\Users\samdr\Documents\GitHub\CMP505-Untitled-Coursework-MASTER\source\SimplexNoise.cpp(258,11): warning C4244: 'initializing': conversion from 'double' to 'float', possible loss of data
C:\Users\samdr\Documents\GitHub\CMP505-Untitled-Coursework-MASTER\source\SimplexNoise.cpp(261,11): warning C4244: 'initializing': conversion from 'double' to 'float', possible loss of data
C:\Users\samdr\Documents\GitHub\CMP505-Untitled-Coursework-MASTER\source\SimplexNoise.cpp(262,11): warning C4244: 'initializing': conversion from 'double' to 'float', possible loss of data
C:\Users\samdr\Documents\GitHub\CMP505-Untitled-Coursework-MASTER\source\SimplexNoise.cpp(263,11): warning C4244: 'initializing': conversion from 'double' to 'float', possible loss of data
C:\Users\samdr\Documents\GitHub\CMP505-Untitled-Coursework-MASTER\source\SimplexNoise.cpp(325,13): warning C4244: 'return': conversion from 'double' to 'float', possible loss of data
  SkyboxShader.cpp
  Generating Code...
  Compiling...
  SpecimenShader.cpp
  Terrain.cpp
C:\Users\samdr\Documents\GitHub\CMP505-Untitled-Coursework-MASTER\source\Terrain.cpp(25,31): warning C4244: '=': conversion from 'int' to 'float', possible loss of data
C:\Users\samdr\Documents\GitHub\CMP505-Untitled-Coursework-MASTER\source\Terrain.cpp(262,40): warning C4244: '=': conversion from 'double' to 'float', possible loss of data
C:\Users\samdr\Documents\GitHub\CMP505-Untitled-Coursework-MASTER\source\Terrain.cpp(295,15): warning C4244: 'initializing': conversion from 'double' to 'float', possible loss of data
C:\Users\samdr\Documents\GitHub\CMP505-Untitled-Coursework-MASTER\source\Terrain.cpp(305,6): warning C4101: 'index': unreferenced local variable
C:\Users\samdr\Documents\GitHub\CMP505-Untitled-Coursework-MASTER\source\Terrain.cpp(380,8): warning C4101: 'length': unreferenced local variable
  Field.cpp
C:\Users\samdr\Documents\GitHub\CMP505-Untitled-Coursework-MASTER\source\Field.cpp(21,99): warning C4244: 'argument': conversion from 'int' to 'float', possible loss of data
C:\Users\samdr\Documents\GitHub\CMP505-Untitled-Coursework-MASTER\source\Field.cpp(21,84): warning C4244: 'argument': conversion from 'int' to 'float', possible loss of data
C:\Users\samdr\Documents\GitHub\CMP505-Untitled-Coursework-MASTER\source\Field.cpp(21,55): warning C4244: 'argument': conversion from 'int' to 'float', possible loss of data
C:\Users\samdr\Documents\GitHub\CMP505-Untitled-Coursework-MASTER\source\Field.cpp(21,127): warning C4244: 'argument': conversion from 'int' to 'float', possible loss of data
C:\Users\samdr\Documents\GitHub\CMP505-Untitled-Coursework-MASTER\source\Field.cpp(74,18): warning C4101: 'phi': unreferenced local variable
C:\Users\samdr\Documents\GitHub\CMP505-Untitled-Coursework-MASTER\source\Field.cpp(164,11): warning C4101: 'theta': unreferenced local variable
C:\Users\samdr\Documents\GitHub\CMP505-Untitled-Coursework-MASTER\source\Field.cpp(166,6): warning C4101: 'q': unreferenced local variable
C:\Users\samdr\Documents\GitHub\CMP505-Untitled-Coursework-MASTER\source\Field.cpp(166,9): warning C4101: 'quadrant': unreferenced local variable
  Generating Code...
C:\Users\samdr\Documents\GitHub\CMP505-Untitled-Coursework-MASTER\source\Terrain.cpp(291): warning C4715: 'Terrain::GenerateHeightMap': not all control paths return a value
     Creating library Bin\Desktop_2015\x64\Debug\DirectXTKSimpleSample_2015.lib and object Bin\Desktop_2015\x64\Debug\DirectXTKSimpleSample_2015.exp
  DirectXTKSimpleSample_2015.vcxproj -> C:\Users\samdr\Documents\GitHub\CMP505-Untitled-Coursework-MASTER\source\Bin\Desktop_2015\x64\Debug\DirectXTKSimpleSample_2015.exe
