c:\users\samdr\documents\github\cmp505-untitled-coursework-master\source\bin\desktop_2015\x64\debug\directxtksimplesample_2015.pch
c:\users\samdr\documents\github\cmp505-untitled-coursework-master\source\bin\desktop_2015\x64\debug\vc143.pdb
c:\users\samdr\documents\github\cmp505-untitled-coursework-master\source\bin\desktop_2015\x64\debug\vc143.idb
c:\users\samdr\documents\github\cmp505-untitled-coursework-master\source\bin\desktop_2015\x64\debug\pch.obj
c:\users\samdr\documents\github\cmp505-untitled-coursework-master\source\bin\desktop_2015\x64\debug\main.obj
c:\users\samdr\documents\github\cmp505-untitled-coursework-master\source\bin\desktop_2015\x64\debug\lbloodvessel.obj
c:\users\samdr\documents\github\cmp505-untitled-coursework-master\source\bin\desktop_2015\x64\debug\lsystem.obj
c:\users\samdr\documents\github\cmp505-untitled-coursework-master\source\bin\desktop_2015\x64\debug\lsphinxtiling.obj
c:\users\samdr\documents\github\cmp505-untitled-coursework-master\source\bin\desktop_2015\x64\debug\light.obj
c:\users\samdr\documents\github\cmp505-untitled-coursework-master\source\bin\desktop_2015\x64\debug\input.obj
c:\users\samdr\documents\github\cmp505-untitled-coursework-master\source\bin\desktop_2015\x64\debug\imgui_widgets.obj
c:\users\samdr\documents\github\cmp505-untitled-coursework-master\source\bin\desktop_2015\x64\debug\imgui_impl_win32.obj
c:\users\samdr\documents\github\cmp505-untitled-coursework-master\source\bin\desktop_2015\x64\debug\imgui_impl_dx11.obj
c:\users\samdr\documents\github\cmp505-untitled-coursework-master\source\bin\desktop_2015\x64\debug\imgui_draw.obj
c:\users\samdr\documents\github\cmp505-untitled-coursework-master\source\bin\desktop_2015\x64\debug\imgui_demo.obj
c:\users\samdr\documents\github\cmp505-untitled-coursework-master\source\bin\desktop_2015\x64\debug\imgui.obj
c:\users\samdr\documents\github\cmp505-untitled-coursework-master\source\bin\desktop_2015\x64\debug\hexboard.obj
c:\users\samdr\documents\github\cmp505-untitled-coursework-master\source\bin\desktop_2015\x64\debug\game.obj
c:\users\samdr\documents\github\cmp505-untitled-coursework-master\source\bin\desktop_2015\x64\debug\environmentcamera.obj
c:\users\samdr\documents\github\cmp505-untitled-coursework-master\source\bin\desktop_2015\x64\debug\ldragoncurve.obj
c:\users\samdr\documents\github\cmp505-untitled-coursework-master\source\bin\desktop_2015\x64\debug\grammar.obj
c:\users\samdr\documents\github\cmp505-untitled-coursework-master\source\bin\desktop_2015\x64\debug\deviceresources.obj
c:\users\samdr\documents\github\cmp505-untitled-coursework-master\source\bin\desktop_2015\x64\debug\classicnoise.obj
c:\users\samdr\documents\github\cmp505-untitled-coursework-master\source\bin\desktop_2015\x64\debug\camera.obj
c:\users\samdr\documents\github\cmp505-untitled-coursework-master\source\bin\desktop_2015\x64\debug\field.obj
c:\users\samdr\documents\github\cmp505-untitled-coursework-master\source\bin\desktop_2015\x64\debug\terrain.obj
c:\users\samdr\documents\github\cmp505-untitled-coursework-master\source\bin\desktop_2015\x64\debug\storycharacter.obj
c:\users\samdr\documents\github\cmp505-untitled-coursework-master\source\bin\desktop_2015\x64\debug\simplexnoise.obj
c:\users\samdr\documents\github\cmp505-untitled-coursework-master\source\bin\desktop_2015\x64\debug\shader.obj
c:\users\samdr\documents\github\cmp505-untitled-coursework-master\source\bin\desktop_2015\x64\debug\screen.obj
c:\users\samdr\documents\github\cmp505-untitled-coursework-master\source\bin\desktop_2015\x64\debug\rendertexture.obj
c:\users\samdr\documents\github\cmp505-untitled-coursework-master\source\bin\desktop_2015\x64\debug\modelclass.obj
c:\users\samdr\documents\github\cmp505-untitled-coursework-master\source\bin\desktop_2015\x64\debug\marchingcubes.obj
c:\users\samdr\documents\github\cmp505-untitled-coursework-master\source\bin\desktop_2015\x64\debug\directxtksimplesample_2015.lib
c:\users\samdr\documents\github\cmp505-untitled-coursework-master\source\bin\desktop_2015\x64\debug\directxtksimplesample_2015.exp
c:\users\samdr\documents\github\cmp505-untitled-coursework-master\source\hex_vignette_ps_001.cso
c:\users\samdr\documents\github\cmp505-untitled-coursework-master\source\hex_vignette_ps_002.cso
c:\users\samdr\documents\github\cmp505-untitled-coursework-master\source\hex_vignette_ps_003.cso
c:\users\samdr\documents\github\cmp505-untitled-coursework-master\source\hex_vignette_ps_004.cso
c:\users\samdr\documents\github\cmp505-untitled-coursework-master\source\light3d_ps.cso
c:\users\samdr\documents\github\cmp505-untitled-coursework-master\source\light3d_vs.cso
c:\users\samdr\documents\github\cmp505-untitled-coursework-master\source\neutral_ps.cso
c:\users\samdr\documents\github\cmp505-untitled-coursework-master\source\neutral_vs.cso
c:\users\samdr\documents\github\cmp505-untitled-coursework-master\source\vignette_ps_003.cso
c:\users\samdr\documents\github\cmp505-untitled-coursework-master\source\texture_ps.cso
c:\users\samdr\documents\github\cmp505-untitled-coursework-master\source\texture_vs.cso
c:\users\samdr\documents\github\cmp505-untitled-coursework-master\source\vignette_ps_001.cso
c:\users\samdr\documents\github\cmp505-untitled-coursework-master\source\vignette_ps_002.cso
c:\users\samdr\documents\github\cmp505-untitled-coursework-master\source\vignette_vs.cso
c:\users\samdr\documents\github\cmp505-untitled-coursework-master\source\bin\desktop_2015\x64\debug\resource.res
c:\users\samdr\documents\github\cmp505-untitled-coursework-master\source\bin\desktop_2015\x64\debug\directxtksimplesample_2015.exe.embed.manifest.res
c:\users\samdr\documents\github\cmp505-untitled-coursework-master\source\bin\desktop_2015\x64\debug\directxtksimplesample_2015.exe.embed.manifest
c:\users\samdr\documents\github\cmp505-untitled-coursework-master\source\bin\desktop_2015\x64\debug\directxtksimplesample_2015.pdb
c:\users\samdr\documents\github\cmp505-untitled-coursework-master\source\bin\desktop_2015\x64\debug\directxtksimplesample_2015_manifest.rc
c:\users\samdr\documents\github\cmp505-untitled-coursework-master\source\bin\desktop_2015\x64\debug\directxt.2c4f0429.tlog\cl.command.1.tlog
c:\users\samdr\documents\github\cmp505-untitled-coursework-master\source\bin\desktop_2015\x64\debug\directxt.2c4f0429.tlog\cl.read.1.tlog
c:\users\samdr\documents\github\cmp505-untitled-coursework-master\source\bin\desktop_2015\x64\debug\directxt.2c4f0429.tlog\cl.write.1.tlog
c:\users\samdr\documents\github\cmp505-untitled-coursework-master\source\bin\desktop_2015\x64\debug\directxt.2c4f0429.tlog\directxtksimplesample_2015.write.1u.tlog
c:\users\samdr\documents\github\cmp505-untitled-coursework-master\source\bin\desktop_2015\x64\debug\directxt.2c4f0429.tlog\fxc.command.1.tlog
c:\users\samdr\documents\github\cmp505-untitled-coursework-master\source\bin\desktop_2015\x64\debug\directxt.2c4f0429.tlog\fxc.read.1.tlog
c:\users\samdr\documents\github\cmp505-untitled-coursework-master\source\bin\desktop_2015\x64\debug\directxt.2c4f0429.tlog\fxc.write.1.tlog
c:\users\samdr\documents\github\cmp505-untitled-coursework-master\source\bin\desktop_2015\x64\debug\directxt.2c4f0429.tlog\link-cvtres.read.1.tlog
c:\users\samdr\documents\github\cmp505-untitled-coursework-master\source\bin\desktop_2015\x64\debug\directxt.2c4f0429.tlog\link-cvtres.write.1.tlog
c:\users\samdr\documents\github\cmp505-untitled-coursework-master\source\bin\desktop_2015\x64\debug\directxt.2c4f0429.tlog\link-mt.read.1.tlog
c:\users\samdr\documents\github\cmp505-untitled-coursework-master\source\bin\desktop_2015\x64\debug\directxt.2c4f0429.tlog\link-mt.write.1.tlog
c:\users\samdr\documents\github\cmp505-untitled-coursework-master\source\bin\desktop_2015\x64\debug\directxt.2c4f0429.tlog\link-rc.read.1.tlog
c:\users\samdr\documents\github\cmp505-untitled-coursework-master\source\bin\desktop_2015\x64\debug\directxt.2c4f0429.tlog\link-rc.write.1.tlog
c:\users\samdr\documents\github\cmp505-untitled-coursework-master\source\bin\desktop_2015\x64\debug\directxt.2c4f0429.tlog\link.command.1.tlog
c:\users\samdr\documents\github\cmp505-untitled-coursework-master\source\bin\desktop_2015\x64\debug\directxt.2c4f0429.tlog\link.read.1.tlog
c:\users\samdr\documents\github\cmp505-untitled-coursework-master\source\bin\desktop_2015\x64\debug\directxt.2c4f0429.tlog\link.write.1.tlog
c:\users\samdr\documents\github\cmp505-untitled-coursework-master\source\bin\desktop_2015\x64\debug\directxt.2c4f0429.tlog\rc.command.1.tlog
c:\users\samdr\documents\github\cmp505-untitled-coursework-master\source\bin\desktop_2015\x64\debug\directxt.2c4f0429.tlog\rc.read.1.tlog
c:\users\samdr\documents\github\cmp505-untitled-coursework-master\source\bin\desktop_2015\x64\debug\directxt.2c4f0429.tlog\rc.write.1.tlog
